<?xml version="1.0" encoding="UTF-8"?>
<!-- Generated by org.testng.reporters.JUnitReportReporter -->
<testsuite hostname="DESKTOP-0ERAOKL" failures="0" tests="1" name="scripts.Testcase1" time="22.124" errors="0" timestamp="2022-09-11T12:50:42 IST" skipped="0">
  <testcase classname="scripts.Testcase1" name="tc1" time="22.124"/>
  <system-out/>
</testsuite> <!-- scripts.Testcase1 -->
